[2025-08-21 14:00:01] Checking territory API health...
[2025-08-21 14:00:01] ✓ API health check passed
[2025-08-21 14:00:01] Checking container status...
[2025-08-21 14:00:01] Checking Redis connectivity...
[2025-08-21 14:00:01] ✓ Redis connectivity confirmed
[2025-08-21 14:00:01] Checking PostgreSQL connectivity...
[2025-08-21 14:00:01] ✓ PostgreSQL connectivity confirmed
[2025-08-21 14:00:01] Checking for recent game activity...
[2025-08-21 14:00:01] ✓ Found 57 moves in the last hour
[2025-08-21 14:00:01] Checking disk space...
[2025-08-21 14:00:01] ✓ Disk usage: 39%
[2025-08-21 14:00:01] Checking memory usage...
[2025-08-21 14:00:01] ✓ Memory usage: 50%
[2025-08-21 14:00:01] Health check completed. Status: HEALTHY
[2025-08-21 14:00:01] Health check finished
Status: HEALTHY
[2025-08-21 16:00:01] Checking territory API health...
[2025-08-21 16:00:01] Checking container status...
[2025-08-21 16:00:01] Checking Redis connectivity...
[2025-08-21 16:00:01] ✓ Redis connectivity confirmed
[2025-08-21 16:00:01] Checking PostgreSQL connectivity...
[2025-08-21 16:00:01] ✓ PostgreSQL connectivity confirmed
[2025-08-21 16:00:01] Checking for recent game activity...
[2025-08-21 16:00:01] ✓ Found 0 moves in the last hour
[2025-08-21 16:00:01] ℹ No recent game activity (last hour)
[2025-08-21 16:00:01] Checking disk space...
[2025-08-21 16:00:01] ✓ Disk usage: 41%
[2025-08-21 16:00:01] Checking memory usage...
[2025-08-21 16:00:01] ✓ Memory usage: 47%
[2025-08-21 16:00:01] Health check completed. Status: UNHEALTHY
✓ Notification sent successfully!
[2025-08-21 16:00:01] Issues found:
API health check failed: error code: 521
[2025-08-21 16:00:01] Health check finished
Status: UNHEALTHY
