[2025-08-21 13:12:55] Checking territory API health...
[2025-08-21 13:12:55] ✓ API health check passed
[2025-08-21 13:12:55] Checking container status...
[2025-08-21 13:12:55] Checking Redis connectivity...
[2025-08-21 13:12:55] ✓ Redis connectivity confirmed
[2025-08-21 13:12:55] Checking PostgreSQL connectivity...
[2025-08-21 13:12:55] ✓ PostgreSQL connectivity confirmed
[2025-08-21 13:12:55] Checking for recent game activity...
[2025-08-21 13:12:55] ✓ Found 77 moves in the last hour
[2025-08-21 13:12:55] Checking disk space...
[2025-08-21 13:12:55] ✓ Disk usage: 39%
[2025-08-21 13:12:55] Checking memory usage...
[2025-08-21 13:12:55] ✓ Memory usage: 54%
[2025-08-21 13:12:55] Health check completed. Status: HEALTHY
[2025-08-21 13:12:55] ERROR: Pushover credentials not configured
[2025-08-21 13:12:55] Health check finished
[2025-08-21 13:16:08] Checking territory API health...
[2025-08-21 13:16:08] ✓ API health check passed
[2025-08-21 13:16:08] Checking container status...
[2025-08-21 13:16:08] Checking Redis connectivity...
[2025-08-21 13:16:08] ✓ Redis connectivity confirmed
[2025-08-21 13:16:08] Checking PostgreSQL connectivity...
[2025-08-21 13:16:08] ✓ PostgreSQL connectivity confirmed
[2025-08-21 13:16:08] Checking for recent game activity...
[2025-08-21 13:16:08] ✓ Found 77 moves in the last hour
[2025-08-21 13:16:08] Checking disk space...
[2025-08-21 13:16:08] ✓ Disk usage: 39%
[2025-08-21 13:16:08] Checking memory usage...
[2025-08-21 13:16:08] ✓ Memory usage: 53%
[2025-08-21 13:16:08] Health check completed. Status: HEALTHY
[2025-08-21 13:16:08] Health check finished
[2025-08-21 13:16:22] Checking territory API health...
[2025-08-21 13:16:22] ✓ API health check passed
[2025-08-21 13:16:22] Checking container status...
[2025-08-21 13:16:22] Checking Redis connectivity...
[2025-08-21 13:16:22] ✓ Redis connectivity confirmed
[2025-08-21 13:16:22] Checking PostgreSQL connectivity...
[2025-08-21 13:16:22] ✓ PostgreSQL connectivity confirmed
[2025-08-21 13:16:22] Checking for recent game activity...
[2025-08-21 13:16:22] ✓ Found 77 moves in the last hour
[2025-08-21 13:16:22] Checking disk space...
[2025-08-21 13:16:22] ✓ Disk usage: 39%
[2025-08-21 13:16:22] Checking memory usage...
[2025-08-21 13:16:22] ✓ Memory usage: 54%
[2025-08-21 13:16:22] Health check completed. Status: HEALTHY
[2025-08-21 13:16:22] Health check finished
[2025-08-21 13:16:35] Checking territory API health...
[2025-08-21 13:16:35] ✓ API health check passed
[2025-08-21 13:16:35] Checking container status...
[2025-08-21 13:16:35] Checking Redis connectivity...
[2025-08-21 13:16:35] ✓ Redis connectivity confirmed
[2025-08-21 13:16:35] Checking PostgreSQL connectivity...
[2025-08-21 13:16:35] ✓ PostgreSQL connectivity confirmed
[2025-08-21 13:16:35] Checking for recent game activity...
[2025-08-21 13:16:35] ✓ Found 77 moves in the last hour
[2025-08-21 13:16:35] Checking disk space...
[2025-08-21 13:16:35] ✓ Disk usage: 39%
[2025-08-21 13:16:35] Checking memory usage...
[2025-08-21 13:16:35] ✓ Memory usage: 54%
[2025-08-21 13:16:35] Health check completed. Status: HEALTHY
[2025-08-21 13:16:35] Health check finished
[2025-08-21 14:00:01] Checking territory API health...
[2025-08-21 14:00:01] ✓ API health check passed
[2025-08-21 14:00:01] Checking container status...
[2025-08-21 14:00:01] Checking Redis connectivity...
[2025-08-21 14:00:01] ✓ Redis connectivity confirmed
[2025-08-21 14:00:01] Checking PostgreSQL connectivity...
[2025-08-21 14:00:01] ✓ PostgreSQL connectivity confirmed
[2025-08-21 14:00:01] Checking for recent game activity...
[2025-08-21 14:00:01] ✓ Found 57 moves in the last hour
[2025-08-21 14:00:01] Checking disk space...
[2025-08-21 14:00:01] ✓ Disk usage: 39%
[2025-08-21 14:00:01] Checking memory usage...
[2025-08-21 14:00:01] ✓ Memory usage: 50%
[2025-08-21 14:00:01] Health check completed. Status: HEALTHY
[2025-08-21 14:00:01] Health check finished
[2025-08-21 16:00:01] Checking territory API health...
[2025-08-21 16:00:01] Checking container status...
[2025-08-21 16:00:01] Checking Redis connectivity...
[2025-08-21 16:00:01] ✓ Redis connectivity confirmed
[2025-08-21 16:00:01] Checking PostgreSQL connectivity...
[2025-08-21 16:00:01] ✓ PostgreSQL connectivity confirmed
[2025-08-21 16:00:01] Checking for recent game activity...
[2025-08-21 16:00:01] ✓ Found 0 moves in the last hour
[2025-08-21 16:00:01] ℹ No recent game activity (last hour)
[2025-08-21 16:00:01] Checking disk space...
[2025-08-21 16:00:01] ✓ Disk usage: 41%
[2025-08-21 16:00:01] Checking memory usage...
[2025-08-21 16:00:01] ✓ Memory usage: 47%
[2025-08-21 16:00:01] Health check completed. Status: UNHEALTHY
[2025-08-21 16:00:01] Issues found:
API health check failed: error code: 521
[2025-08-21 16:00:01] Health check finished
